<?xml version="1.0" encoding="UTF-8"?>
<!-- Generated by org.testng.reporters.JUnitReportReporter -->
<testsuite skipped="0" hostname="LAPTOP-VU0KHJRO" name="tests.TestNGCRUD" tests="5" failures="0" timestamp="2020-11-30T23:33:15 IST" time="11.523" errors="0">
  <testcase name="getAllPosts" time="5.168" classname="tests.TestNGCRUD"/>
  <system-out>
All posts resource working correctly  </system-out>
  <testcase name="getSpecificPost" time="3.696" classname="tests.TestNGCRUD"/>
  <system-out>
Specific post resource working correctly  </system-out>
  <testcase name="createAPost" time="0.947" classname="tests.TestNGCRUD"/>
  <system-out>
Post created succesfully  </system-out>
  <testcase name="updateAPost" time="0.859" classname="tests.TestNGCRUD"/>
  <system-out>
Post updated succesfully  </system-out>
  <testcase name="deleteAPost" time="0.853" classname="tests.TestNGCRUD"/>
  <system-out>
Post deleted succesfully  </system-out>
</testsuite> <!-- tests.TestNGCRUD -->
