<?xml version="1.0" encoding="UTF-8"?>
<!-- Generated by org.testng.reporters.JUnitReportReporter -->
<testsuite skipped="0" hostname="LAPTOP-VU0KHJRO" name="tests.TestNGCRUDViaParametersOnlyParameterizedMethodParallelTests" tests="3" failures="0" timestamp="2020-11-30T23:46:26 IST" time="22.435" errors="0">
  <testcase name="createAPost" time="7.476" classname="tests.TestNGCRUDViaParametersOnlyParameterizedMethodParallelTests"/>
  <system-out>
Post created succesfully  </system-out>
  <testcase name="createAPost" time="7.477" classname="tests.TestNGCRUDViaParametersOnlyParameterizedMethodParallelTests"/>
  <system-out>
Post created succesfully  </system-out>
  <testcase name="createAPost" time="7.482" classname="tests.TestNGCRUDViaParametersOnlyParameterizedMethodParallelTests"/>
  <system-out>
Post created succesfully  </system-out>
</testsuite> <!-- tests.TestNGCRUDViaParametersOnlyParameterizedMethodParallelTests -->
