<?xml version="1.0" encoding="UTF-8"?>
<!-- Generated by org.testng.reporters.JUnitReportReporter -->
<testsuite skipped="0" hostname="LAPTOP-VU0KHJRO" name="tests.MultipleMethodsTakingDifferentDataFromOneDataProvider" tests="8" failures="0" timestamp="2020-11-30T23:13:23 IST" time="0.069" errors="0">
  <testcase name="addition" time="0.006" classname="tests.MultipleMethodsTakingDifferentDataFromOneDataProvider"/>
  <system-out/>
  <testcase name="addition" time="0.005" classname="tests.MultipleMethodsTakingDifferentDataFromOneDataProvider"/>
  <system-out/>
  <testcase name="addition" time="0.028" classname="tests.MultipleMethodsTakingDifferentDataFromOneDataProvider"/>
  <system-out/>
  <testcase name="addition" time="0.008" classname="tests.MultipleMethodsTakingDifferentDataFromOneDataProvider"/>
  <system-out/>
  <testcase name="concatination" time="0.004" classname="tests.MultipleMethodsTakingDifferentDataFromOneDataProvider"/>
  <system-out/>
  <testcase name="concatination" time="0.006" classname="tests.MultipleMethodsTakingDifferentDataFromOneDataProvider"/>
  <system-out/>
  <testcase name="concatination" time="0.004" classname="tests.MultipleMethodsTakingDifferentDataFromOneDataProvider"/>
  <system-out/>
  <testcase name="concatination" time="0.008" classname="tests.MultipleMethodsTakingDifferentDataFromOneDataProvider"/>
  <system-out/>
</testsuite> <!-- tests.MultipleMethodsTakingDifferentDataFromOneDataProvider -->
