<?xml version="1.0" encoding="UTF-8"?>
<!-- Generated by org.testng.reporters.JUnitReportReporter -->
<testsuite skipped="0" hostname="LAPTOP-VU0KHJRO" name="tests.SoftAssertInTestNGWithAssertAll" tests="2" failures="0" timestamp="2020-11-30T23:21:35 IST" time="0.067" errors="0">
  <testcase name="method1" time="0.058" classname="tests.SoftAssertInTestNGWithAssertAll"/>
  <system-out>
Test Passed  </system-out>
  <testcase name="method2" time="0.009" classname="tests.SoftAssertInTestNGWithAssertAll"/>
  <system-out>
Test Failed  </system-out>
</testsuite> <!-- tests.SoftAssertInTestNGWithAssertAll -->
