<?xml version="1.0" encoding="UTF-8"?>
<!-- Generated by org.testng.reporters.JUnitReportReporter -->
<testsuite skipped="0" hostname="LAPTOP-VU0KHJRO" name="tests.MultipleMethodsTakingSameDataFromOneDataProvider" tests="16" failures="0" timestamp="2020-11-30T23:14:11 IST" time="0.163" errors="0">
  <testcase name="addition" time="0.004" classname="tests.MultipleMethodsTakingSameDataFromOneDataProvider"/>
  <system-out/>
  <testcase name="addition" time="0.027" classname="tests.MultipleMethodsTakingSameDataFromOneDataProvider"/>
  <system-out/>
  <testcase name="addition" time="0.004" classname="tests.MultipleMethodsTakingSameDataFromOneDataProvider"/>
  <system-out/>
  <testcase name="addition" time="0.004" classname="tests.MultipleMethodsTakingSameDataFromOneDataProvider"/>
  <system-out/>
  <testcase name="subtraction" time="0.018" classname="tests.MultipleMethodsTakingSameDataFromOneDataProvider"/>
  <system-out/>
  <testcase name="subtraction" time="0.008" classname="tests.MultipleMethodsTakingSameDataFromOneDataProvider"/>
  <system-out/>
  <testcase name="subtraction" time="0.006" classname="tests.MultipleMethodsTakingSameDataFromOneDataProvider"/>
  <system-out/>
  <testcase name="subtraction" time="0.006" classname="tests.MultipleMethodsTakingSameDataFromOneDataProvider"/>
  <system-out/>
  <testcase name="multiplication" time="0.005" classname="tests.MultipleMethodsTakingSameDataFromOneDataProvider"/>
  <system-out/>
  <testcase name="multiplication" time="0.006" classname="tests.MultipleMethodsTakingSameDataFromOneDataProvider"/>
  <system-out/>
  <testcase name="multiplication" time="0.020" classname="tests.MultipleMethodsTakingSameDataFromOneDataProvider"/>
  <system-out/>
  <testcase name="multiplication" time="0.008" classname="tests.MultipleMethodsTakingSameDataFromOneDataProvider"/>
  <system-out/>
  <testcase name="division" time="0.015" classname="tests.MultipleMethodsTakingSameDataFromOneDataProvider"/>
  <system-out/>
  <testcase name="division" time="0.014" classname="tests.MultipleMethodsTakingSameDataFromOneDataProvider"/>
  <system-out/>
  <testcase name="division" time="0.006" classname="tests.MultipleMethodsTakingSameDataFromOneDataProvider"/>
  <system-out/>
  <testcase name="division" time="0.012" classname="tests.MultipleMethodsTakingSameDataFromOneDataProvider"/>
  <system-out/>
</testsuite> <!-- tests.MultipleMethodsTakingSameDataFromOneDataProvider -->
