<?xml version="1.0" encoding="UTF-8"?>
<!-- Generated by org.testng.reporters.JUnitReportReporter -->
<testsuite skipped="0" hostname="LAPTOP-VU0KHJRO" name="tests.TestNGCRUDListenerClass" tests="5" failures="0" timestamp="2020-11-30T23:39:59 IST" time="11.032" errors="0">
  <testcase name="getAllPosts" time="4.613" classname="tests.TestNGCRUDListenerClass"/>
  <system-out>
All posts resource working correctly  </system-out>
  <testcase name="getSpecificPost" time="1.791" classname="tests.TestNGCRUDListenerClass"/>
  <system-out>
Specific post resource working correctly  </system-out>
  <testcase name="createAPost" time="1.006" classname="tests.TestNGCRUDListenerClass"/>
  <system-out>
Post created succesfully  </system-out>
  <testcase name="updateAPost" time="2.773" classname="tests.TestNGCRUDListenerClass"/>
  <system-out>
Post updated succesfully  </system-out>
  <testcase name="deleteAPost" time="0.849" classname="tests.TestNGCRUDListenerClass"/>
  <system-out>
Post deleted succesfully  </system-out>
</testsuite> <!-- tests.TestNGCRUDListenerClass -->
