<?xml version="1.0" encoding="UTF-8"?>
<!-- Generated by org.testng.reporters.JUnitReportReporter -->
<testsuite skipped="0" hostname="LAPTOP-VU0KHJRO" name="tests.TestNGCRUDViaDataProviderOnlyParameterizedMethod" tests="6" failures="0" timestamp="2020-11-30T23:43:06 IST" time="11.331" errors="0">
  <testcase name="createAPost" time="2.774" classname="tests.TestNGCRUDViaDataProviderOnlyParameterizedMethod"/>
  <system-out>
Post created succesfully  </system-out>
  <testcase name="createAPost" time="4.960" classname="tests.TestNGCRUDViaDataProviderOnlyParameterizedMethod"/>
  <system-out>
Post created succesfully  </system-out>
  <testcase name="createAPost" time="0.868" classname="tests.TestNGCRUDViaDataProviderOnlyParameterizedMethod"/>
  <system-out>
Post created succesfully  </system-out>
  <testcase name="createAPost" time="0.874" classname="tests.TestNGCRUDViaDataProviderOnlyParameterizedMethod"/>
  <system-out>
Post created succesfully  </system-out>
  <testcase name="createAPost" time="1.006" classname="tests.TestNGCRUDViaDataProviderOnlyParameterizedMethod"/>
  <system-out>
Post created succesfully  </system-out>
  <testcase name="createAPost" time="0.849" classname="tests.TestNGCRUDViaDataProviderOnlyParameterizedMethod"/>
  <system-out>
Post created succesfully  </system-out>
</testsuite> <!-- tests.TestNGCRUDViaDataProviderOnlyParameterizedMethod -->
