<?xml version="1.0" encoding="UTF-8"?>
<!-- Generated by org.testng.reporters.JUnitReportReporter -->
<testsuite skipped="0" hostname="LAPTOP-VU0KHJRO" name="tests.TestNGCRUDViaParametersOnlyParameterizedMethod" tests="3" failures="0" timestamp="2020-11-30T23:45:32 IST" time="8.887" errors="0">
  <testcase name="createAPost" time="7.204" classname="tests.TestNGCRUDViaParametersOnlyParameterizedMethod"/>
  <system-out>
Post created succesfully  </system-out>
  <testcase name="createAPost" time="0.826" classname="tests.TestNGCRUDViaParametersOnlyParameterizedMethod"/>
  <system-out>
Post created succesfully  </system-out>
  <testcase name="createAPost" time="0.857" classname="tests.TestNGCRUDViaParametersOnlyParameterizedMethod"/>
  <system-out>
Post created succesfully  </system-out>
</testsuite> <!-- tests.TestNGCRUDViaParametersOnlyParameterizedMethod -->
