<?xml version="1.0" encoding="UTF-8"?>
<!-- Generated by org.testng.reporters.JUnitReportReporter -->
<testsuite skipped="0" hostname="LAPTOP-VU0KHJRO" name="tests.TestNGCRUDViaDataProviderExcelOnlyParameterizedMethod" tests="6" failures="0" timestamp="2020-11-30T23:42:19 IST" time="11.378" errors="0">
  <testcase name="createAPost" time="0.916" classname="tests.TestNGCRUDViaDataProviderExcelOnlyParameterizedMethod"/>
  <system-out>
Post created succesfully  </system-out>
  <testcase name="createAPost" time="2.825" classname="tests.TestNGCRUDViaDataProviderExcelOnlyParameterizedMethod"/>
  <system-out>
Post created succesfully  </system-out>
  <testcase name="createAPost" time="0.892" classname="tests.TestNGCRUDViaDataProviderExcelOnlyParameterizedMethod"/>
  <system-out>
Post created succesfully  </system-out>
  <testcase name="createAPost" time="4.982" classname="tests.TestNGCRUDViaDataProviderExcelOnlyParameterizedMethod"/>
  <system-out>
Post created succesfully  </system-out>
  <testcase name="createAPost" time="0.904" classname="tests.TestNGCRUDViaDataProviderExcelOnlyParameterizedMethod"/>
  <system-out>
Post created succesfully  </system-out>
  <testcase name="createAPost" time="0.859" classname="tests.TestNGCRUDViaDataProviderExcelOnlyParameterizedMethod"/>
  <system-out>
Post created succesfully  </system-out>
</testsuite> <!-- tests.TestNGCRUDViaDataProviderExcelOnlyParameterizedMethod -->
