<?xml version="1.0" encoding="UTF-8"?>
<!-- Generated by org.testng.reporters.JUnitReportReporter -->
<testsuite skipped="0" hostname="LAPTOP-VU0KHJRO" name="tests.SoftAssertInTestNGWithoutAssertAll" tests="2" failures="0" timestamp="2020-11-30T23:22:09 IST" time="0.063" errors="0">
  <testcase name="method1" time="0.053" classname="tests.SoftAssertInTestNGWithoutAssertAll"/>
  <system-out>
Test Passed  </system-out>
  <testcase name="method2" time="0.010" classname="tests.SoftAssertInTestNGWithoutAssertAll"/>
  <system-out>
Test Failed  </system-out>
</testsuite> <!-- tests.SoftAssertInTestNGWithoutAssertAll -->
