<?xml version="1.0" encoding="UTF-8"?>
<!-- Generated by org.testng.reporters.JUnitReportReporter -->
<testsuite skipped="0" hostname="LAPTOP-VU0KHJRO" name="tests.TestNGCRUDViaParameters" tests="15" failures="0" timestamp="2020-11-30T23:43:53 IST" time="17.861" errors="0">
  <testcase name="getAllPosts" time="0.371" classname="tests.TestNGCRUDViaParameters"/>
  <system-out>
All posts resource working correctly  </system-out>
  <testcase name="getAllPosts" time="4.493" classname="tests.TestNGCRUDViaParameters"/>
  <system-out>
All posts resource working correctly  </system-out>
  <testcase name="getAllPosts" time="0.397" classname="tests.TestNGCRUDViaParameters"/>
  <system-out>
All posts resource working correctly  </system-out>
  <testcase name="getSpecificPost" time="0.428" classname="tests.TestNGCRUDViaParameters"/>
  <system-out>
Specific post resource working correctly  </system-out>
  <testcase name="getSpecificPost" time="1.772" classname="tests.TestNGCRUDViaParameters"/>
  <system-out>
Specific post resource working correctly  </system-out>
  <testcase name="getSpecificPost" time="0.391" classname="tests.TestNGCRUDViaParameters"/>
  <system-out>
Specific post resource working correctly  </system-out>
  <testcase name="createAPost" time="0.839" classname="tests.TestNGCRUDViaParameters"/>
  <system-out>
Post created succesfully  </system-out>
  <testcase name="createAPost" time="2.848" classname="tests.TestNGCRUDViaParameters"/>
  <system-out>
Post created succesfully  </system-out>
  <testcase name="createAPost" time="0.857" classname="tests.TestNGCRUDViaParameters"/>
  <system-out>
Post created succesfully  </system-out>
  <testcase name="updateAPost" time="0.945" classname="tests.TestNGCRUDViaParameters"/>
  <system-out>
Post updated succesfully  </system-out>
  <testcase name="updateAPost" time="0.864" classname="tests.TestNGCRUDViaParameters"/>
  <system-out>
Post updated succesfully  </system-out>
  <testcase name="updateAPost" time="0.871" classname="tests.TestNGCRUDViaParameters"/>
  <system-out>
Post updated succesfully  </system-out>
  <testcase name="deleteAPost" time="0.878" classname="tests.TestNGCRUDViaParameters"/>
  <system-out>
Post deleted succesfully  </system-out>
  <testcase name="deleteAPost" time="0.862" classname="tests.TestNGCRUDViaParameters"/>
  <system-out>
Post deleted succesfully  </system-out>
  <testcase name="deleteAPost" time="1.045" classname="tests.TestNGCRUDViaParameters"/>
  <system-out>
Post deleted succesfully  </system-out>
</testsuite> <!-- tests.TestNGCRUDViaParameters -->
