<?xml version="1.0" encoding="UTF-8"?>
<!-- Generated by org.testng.reporters.JUnitReportReporter -->
<testsuite skipped="0" hostname="LAPTOP-VU0KHJRO" name="tests.TestNGCRUDViaDataProviderClassOnlyParameterizedMethod" tests="6" failures="0" timestamp="2020-11-30T23:41:20 IST" time="11.936" errors="0">
  <testcase name="createAPost" time="5.837" classname="tests.TestNGCRUDViaDataProviderClassOnlyParameterizedMethod"/>
  <system-out>
Post created succesfully  </system-out>
  <testcase name="createAPost" time="2.799" classname="tests.TestNGCRUDViaDataProviderClassOnlyParameterizedMethod"/>
  <system-out>
Post created succesfully  </system-out>
  <testcase name="createAPost" time="0.829" classname="tests.TestNGCRUDViaDataProviderClassOnlyParameterizedMethod"/>
  <system-out>
Post created succesfully  </system-out>
  <testcase name="createAPost" time="0.820" classname="tests.TestNGCRUDViaDataProviderClassOnlyParameterizedMethod"/>
  <system-out>
Post created succesfully  </system-out>
  <testcase name="createAPost" time="0.843" classname="tests.TestNGCRUDViaDataProviderClassOnlyParameterizedMethod"/>
  <system-out>
Post created succesfully  </system-out>
  <testcase name="createAPost" time="0.808" classname="tests.TestNGCRUDViaDataProviderClassOnlyParameterizedMethod"/>
  <system-out>
Post created succesfully  </system-out>
</testsuite> <!-- tests.TestNGCRUDViaDataProviderClassOnlyParameterizedMethod -->
