<?xml version="1.0" encoding="UTF-8"?>
<!-- Generated by org.testng.reporters.JUnitReportReporter -->
<testsuite skipped="0" hostname="LAPTOP-VU0KHJRO" name="tests.OptionalAnnotation" tests="4" failures="0" timestamp="2020-11-30T23:19:30 IST" time="0.049" errors="0">
  <testcase name="hi" time="0.004" classname="tests.OptionalAnnotation"/>
  <system-out/>
  <testcase name="hi" time="0.006" classname="tests.OptionalAnnotation"/>
  <system-out/>
  <testcase name="hi" time="0.036" classname="tests.OptionalAnnotation"/>
  <system-out/>
  <testcase name="hi" time="0.003" classname="tests.OptionalAnnotation"/>
  <system-out/>
</testsuite> <!-- tests.OptionalAnnotation -->
